mode: set
github.com/vivekv96/leetcode-go/easy/1108-defanging-ip-address/main.go:8.42,25.2 1 1
github.com/vivekv96/leetcode-go/easy/1342-reduce-number-to-zero/main.go:4.33,7.6 2 1
github.com/vivekv96/leetcode-go/easy/1342-reduce-number-to-zero/main.go:7.6,8.15 1 1
github.com/vivekv96/leetcode-go/easy/1342-reduce-number-to-zero/main.go:12.3,14.17 2 1
github.com/vivekv96/leetcode-go/easy/1342-reduce-number-to-zero/main.go:8.15,10.4 1 1
github.com/vivekv96/leetcode-go/easy/1342-reduce-number-to-zero/main.go:14.17,16.4 1 1
github.com/vivekv96/leetcode-go/easy/1342-reduce-number-to-zero/main.go:16.9,18.4 1 1
github.com/vivekv96/leetcode-go/easy/1290-binary-number-linked-list/main.go:9.42,12.18 2 1
github.com/vivekv96/leetcode-go/easy/1290-binary-number-linked-list/main.go:19.2,19.15 1 1
github.com/vivekv96/leetcode-go/easy/1290-binary-number-linked-list/main.go:12.18,17.3 3 1
github.com/vivekv96/leetcode-go/easy/1431-greatest-number-of-candies/main.go:4.62,8.36 3 1
github.com/vivekv96/leetcode-go/easy/1431-greatest-number-of-candies/main.go:14.2,14.36 1 1
github.com/vivekv96/leetcode-go/easy/1431-greatest-number-of-candies/main.go:22.2,22.15 1 1
github.com/vivekv96/leetcode-go/easy/1431-greatest-number-of-candies/main.go:8.36,9.23 1 1
github.com/vivekv96/leetcode-go/easy/1431-greatest-number-of-candies/main.go:9.23,11.4 1 1
github.com/vivekv96/leetcode-go/easy/1431-greatest-number-of-candies/main.go:14.36,15.37 1 1
github.com/vivekv96/leetcode-go/easy/1431-greatest-number-of-candies/main.go:15.37,17.4 1 1
github.com/vivekv96/leetcode-go/easy/1431-greatest-number-of-candies/main.go:17.9,19.4 1 1
github.com/vivekv96/leetcode-go/easy/1221-balanced-strings/main.go:4.40,8.30 3 1
github.com/vivekv96/leetcode-go/easy/1221-balanced-strings/main.go:22.2,22.14 1 1
github.com/vivekv96/leetcode-go/easy/1221-balanced-strings/main.go:8.30,9.26 1 1
github.com/vivekv96/leetcode-go/easy/1221-balanced-strings/main.go:13.3,13.26 1 1
github.com/vivekv96/leetcode-go/easy/1221-balanced-strings/main.go:17.3,17.20 1 1
github.com/vivekv96/leetcode-go/easy/1221-balanced-strings/main.go:9.26,11.4 1 1
github.com/vivekv96/leetcode-go/easy/1221-balanced-strings/main.go:13.26,15.4 1 1
github.com/vivekv96/leetcode-go/easy/1221-balanced-strings/main.go:17.20,19.4 1 1
github.com/vivekv96/leetcode-go/easy/1266-min-time-visit/main.go:4.50,7.37 2 1
github.com/vivekv96/leetcode-go/easy/1266-min-time-visit/main.go:21.2,21.13 1 1
github.com/vivekv96/leetcode-go/easy/1266-min-time-visit/main.go:7.37,14.33 5 1
github.com/vivekv96/leetcode-go/easy/1266-min-time-visit/main.go:18.3,18.14 1 1
github.com/vivekv96/leetcode-go/easy/1266-min-time-visit/main.go:14.33,16.4 1 1
github.com/vivekv96/leetcode-go/easy/1266-min-time-visit/main.go:24.21,25.11 1 1
github.com/vivekv96/leetcode-go/easy/1266-min-time-visit/main.go:29.2,29.10 1 1
github.com/vivekv96/leetcode-go/easy/1266-min-time-visit/main.go:25.11,27.3 1 1
github.com/vivekv96/leetcode-go/easy/1470-shuffle-array/main.go:4.39,7.25 2 1
github.com/vivekv96/leetcode-go/easy/1470-shuffle-array/main.go:12.2,12.15 1 1
github.com/vivekv96/leetcode-go/easy/1470-shuffle-array/main.go:7.25,10.3 2 1
github.com/vivekv96/leetcode-go/easy/1365-smaller-than-current-number/main.go:4.50,7.22 2 1
github.com/vivekv96/leetcode-go/easy/1365-smaller-than-current-number/main.go:19.2,19.15 1 1
github.com/vivekv96/leetcode-go/easy/1365-smaller-than-current-number/main.go:7.22,10.23 2 1
github.com/vivekv96/leetcode-go/easy/1365-smaller-than-current-number/main.go:16.3,16.20 1 1
github.com/vivekv96/leetcode-go/easy/1365-smaller-than-current-number/main.go:10.23,11.25 1 1
github.com/vivekv96/leetcode-go/easy/1365-smaller-than-current-number/main.go:11.25,13.5 1 1
github.com/vivekv96/leetcode-go/easy/1281-subtract-product-sum/main.go:4.39,7.6 2 1
github.com/vivekv96/leetcode-go/easy/1281-subtract-product-sum/main.go:19.2,19.22 1 1
github.com/vivekv96/leetcode-go/easy/1281-subtract-product-sum/main.go:7.6,8.13 1 1
github.com/vivekv96/leetcode-go/easy/1281-subtract-product-sum/main.go:12.3,16.18 4 1
github.com/vivekv96/leetcode-go/easy/1281-subtract-product-sum/main.go:8.13,9.9 1 1
github.com/vivekv96/leetcode-go/easy/1295-even-digits/main.go:4.34,7.27 2 1
github.com/vivekv96/leetcode-go/easy/1295-even-digits/main.go:19.2,19.14 1 1
github.com/vivekv96/leetcode-go/easy/1295-even-digits/main.go:7.27,9.16 2 1
github.com/vivekv96/leetcode-go/easy/1295-even-digits/main.go:14.3,14.15 1 1
github.com/vivekv96/leetcode-go/easy/1295-even-digits/main.go:9.16,12.4 2 1
github.com/vivekv96/leetcode-go/easy/1295-even-digits/main.go:14.15,16.4 1 1
github.com/vivekv96/leetcode-go/easy/1389-target-array-given-order/main.go:4.55,7.27 2 1
github.com/vivekv96/leetcode-go/easy/1389-target-array-given-order/main.go:16.2,18.29 2 1
github.com/vivekv96/leetcode-go/easy/1389-target-array-given-order/main.go:22.2,22.15 1 1
github.com/vivekv96/leetcode-go/easy/1389-target-array-given-order/main.go:7.27,8.30 1 1
github.com/vivekv96/leetcode-go/easy/1389-target-array-given-order/main.go:12.3,13.27 2 1
github.com/vivekv96/leetcode-go/easy/1389-target-array-given-order/main.go:8.30,10.4 1 1
github.com/vivekv96/leetcode-go/easy/1389-target-array-given-order/main.go:18.29,20.3 1 1
github.com/vivekv96/leetcode-go/easy/1480-running-sum-1d/main.go:4.35,9.33 3 1
github.com/vivekv96/leetcode-go/easy/1480-running-sum-1d/main.go:13.2,13.19 1 1
github.com/vivekv96/leetcode-go/easy/1480-running-sum-1d/main.go:9.33,11.3 1 1
github.com/vivekv96/leetcode-go/easy/1486-bitwise-xor-array/main.go:4.41,8.25 3 1
github.com/vivekv96/leetcode-go/easy/1486-bitwise-xor-array/main.go:13.2,13.15 1 1
github.com/vivekv96/leetcode-go/easy/1486-bitwise-xor-array/main.go:8.25,11.3 2 1
github.com/vivekv96/leetcode-go/easy/1512-number-of-good-pairs/main.go:4.40,7.33 2 1
github.com/vivekv96/leetcode-go/easy/1512-number-of-good-pairs/main.go:15.2,15.19 1 1
github.com/vivekv96/leetcode-go/easy/1512-number-of-good-pairs/main.go:7.33,8.38 1 1
github.com/vivekv96/leetcode-go/easy/1512-number-of-good-pairs/main.go:8.38,9.26 1 1
github.com/vivekv96/leetcode-go/easy/1512-number-of-good-pairs/main.go:9.26,11.5 1 1
github.com/vivekv96/leetcode-go/easy/1528-shuffle-string/main.go:4.52,7.36 2 1
github.com/vivekv96/leetcode-go/easy/1528-shuffle-string/main.go:11.2,11.23 1 1
github.com/vivekv96/leetcode-go/easy/1528-shuffle-string/main.go:7.36,9.3 1 1
github.com/vivekv96/leetcode-go/easy/1534-good-triplets/main.go:4.60,19.32 2 1
github.com/vivekv96/leetcode-go/easy/1534-good-triplets/main.go:32.2,32.14 1 1
github.com/vivekv96/leetcode-go/easy/1534-good-triplets/main.go:19.32,20.37 1 1
github.com/vivekv96/leetcode-go/easy/1534-good-triplets/main.go:20.37,21.31 1 1
github.com/vivekv96/leetcode-go/easy/1534-good-triplets/main.go:21.31,22.39 1 1
github.com/vivekv96/leetcode-go/easy/1534-good-triplets/main.go:22.39,24.31 1 1
github.com/vivekv96/leetcode-go/easy/1534-good-triplets/main.go:24.31,26.7 1 1
github.com/vivekv96/leetcode-go/easy/1534-good-triplets/main.go:35.21,36.11 1 1
github.com/vivekv96/leetcode-go/easy/1534-good-triplets/main.go:40.2,40.10 1 1
github.com/vivekv96/leetcode-go/easy/1534-good-triplets/main.go:36.11,38.3 1 1
github.com/vivekv96/leetcode-go/easy/1614-nesting-depth-parenthesis/main.go:4.29,7.30 2 1
github.com/vivekv96/leetcode-go/easy/1614-nesting-depth-parenthesis/main.go:21.2,21.12 1 1
github.com/vivekv96/leetcode-go/easy/1614-nesting-depth-parenthesis/main.go:7.30,8.18 1 1
github.com/vivekv96/leetcode-go/easy/1614-nesting-depth-parenthesis/main.go:12.3,12.18 1 1
github.com/vivekv96/leetcode-go/easy/1614-nesting-depth-parenthesis/main.go:16.3,16.18 1 1
github.com/vivekv96/leetcode-go/easy/1614-nesting-depth-parenthesis/main.go:8.18,10.4 1 1
github.com/vivekv96/leetcode-go/easy/1614-nesting-depth-parenthesis/main.go:12.18,14.4 1 1
github.com/vivekv96/leetcode-go/easy/1614-nesting-depth-parenthesis/main.go:16.18,18.4 1 1
github.com/vivekv96/leetcode-go/easy/1640-array-concatenation/main.go:4.51,7.31 2 1
github.com/vivekv96/leetcode-go/easy/1640-array-concatenation/main.go:11.2,12.19 2 1
github.com/vivekv96/leetcode-go/easy/1640-array-concatenation/main.go:28.2,28.13 1 1
github.com/vivekv96/leetcode-go/easy/1640-array-concatenation/main.go:7.31,9.3 1 1
github.com/vivekv96/leetcode-go/easy/1640-array-concatenation/main.go:12.19,14.10 2 1
github.com/vivekv96/leetcode-go/easy/1640-array-concatenation/main.go:18.3,19.27 2 1
github.com/vivekv96/leetcode-go/easy/1640-array-concatenation/main.go:14.10,16.4 1 1
github.com/vivekv96/leetcode-go/easy/1640-array-concatenation/main.go:19.27,20.21 1 1
github.com/vivekv96/leetcode-go/easy/1640-array-concatenation/main.go:24.4,24.7 1 1
github.com/vivekv96/leetcode-go/easy/1640-array-concatenation/main.go:20.21,22.5 1 0
github.com/vivekv96/leetcode-go/easy/344-reverse-string/main.go:4.30,5.50 1 1
github.com/vivekv96/leetcode-go/easy/344-reverse-string/main.go:5.50,7.3 1 1
github.com/vivekv96/leetcode-go/easy/709-lower-case/main.go:4.37,11.24 2 1
github.com/vivekv96/leetcode-go/easy/709-lower-case/main.go:19.2,19.23 1 1
github.com/vivekv96/leetcode-go/easy/709-lower-case/main.go:11.24,12.27 1 1
github.com/vivekv96/leetcode-go/easy/709-lower-case/main.go:16.3,16.35 1 1
github.com/vivekv96/leetcode-go/easy/709-lower-case/main.go:12.27,14.4 1 1
github.com/vivekv96/leetcode-go/easy/771-jewels-and-stones/main.go:4.48,7.30 2 1
github.com/vivekv96/leetcode-go/easy/771-jewels-and-stones/main.go:15.2,15.14 1 1
github.com/vivekv96/leetcode-go/easy/771-jewels-and-stones/main.go:7.30,8.31 1 1
github.com/vivekv96/leetcode-go/easy/771-jewels-and-stones/main.go:8.31,9.20 1 1
github.com/vivekv96/leetcode-go/easy/771-jewels-and-stones/main.go:9.20,11.5 1 1
